{"/Users/samuelcheongweishan/Desktop/projects/cs4218-project-2024-team07/controllers/productController.js": {"path":"/Users/samuelcheongweishan/Desktop/projects/cs4218-project-2024-team07/controllers/productController.js","statementMap":{"0":{"start":{"line":10,"column":0},"end":{"line":10,"column":16}},"1":{"start":{"line":13,"column":14},"end":{"line":18,"column":2}},"2":{"start":{"line":20,"column":39},"end":{"line":62,"column":1}},"3":{"start":{"line":21,"column":2},"end":{"line":61,"column":3}},"4":{"start":{"line":23,"column":6},"end":{"line":23,"column":16}},"5":{"start":{"line":24,"column":22},"end":{"line":24,"column":31}},"6":{"start":{"line":26,"column":4},"end":{"line":41,"column":5}},"7":{"start":{"line":28,"column":8},"end":{"line":28,"column":67}},"8":{"start":{"line":30,"column":8},"end":{"line":30,"column":74}},"9":{"start":{"line":32,"column":8},"end":{"line":32,"column":68}},"10":{"start":{"line":34,"column":8},"end":{"line":34,"column":71}},"11":{"start":{"line":36,"column":8},"end":{"line":36,"column":71}},"12":{"start":{"line":38,"column":8},"end":{"line":40,"column":76}},"13":{"start":{"line":43,"column":21},"end":{"line":43,"column":77}},"14":{"start":{"line":44,"column":4},"end":{"line":47,"column":5}},"15":{"start":{"line":45,"column":6},"end":{"line":45,"column":56}},"16":{"start":{"line":46,"column":6},"end":{"line":46,"column":46}},"17":{"start":{"line":48,"column":4},"end":{"line":48,"column":26}},"18":{"start":{"line":49,"column":4},"end":{"line":53,"column":7}},"19":{"start":{"line":55,"column":4},"end":{"line":55,"column":23}},"20":{"start":{"line":56,"column":4},"end":{"line":60,"column":7}},"21":{"start":{"line":65,"column":36},"end":{"line":87,"column":1}},"22":{"start":{"line":66,"column":2},"end":{"line":86,"column":3}},"23":{"start":{"line":67,"column":21},"end":{"line":72,"column":30}},"24":{"start":{"line":73,"column":4},"end":{"line":78,"column":7}},"25":{"start":{"line":80,"column":4},"end":{"line":80,"column":23}},"26":{"start":{"line":81,"column":4},"end":{"line":85,"column":7}},"27":{"start":{"line":89,"column":42},"end":{"line":108,"column":1}},"28":{"start":{"line":90,"column":2},"end":{"line":107,"column":3}},"29":{"start":{"line":91,"column":20},"end":{"line":94,"column":27}},"30":{"start":{"line":95,"column":4},"end":{"line":99,"column":7}},"31":{"start":{"line":101,"column":4},"end":{"line":101,"column":23}},"32":{"start":{"line":102,"column":4},"end":{"line":106,"column":7}},"33":{"start":{"line":111,"column":38},"end":{"line":128,"column":1}},"34":{"start":{"line":112,"column":2},"end":{"line":127,"column":3}},"35":{"start":{"line":115,"column":20},"end":{"line":115,"column":79}},"36":{"start":{"line":116,"column":4},"end":{"line":119,"column":5}},"37":{"start":{"line":117,"column":6},"end":{"line":117,"column":57}},"38":{"start":{"line":118,"column":6},"end":{"line":118,"column":54}},"39":{"start":{"line":121,"column":4},"end":{"line":121,"column":23}},"40":{"start":{"line":122,"column":4},"end":{"line":126,"column":7}},"41":{"start":{"line":131,"column":39},"end":{"line":146,"column":1}},"42":{"start":{"line":132,"column":2},"end":{"line":145,"column":3}},"43":{"start":{"line":133,"column":4},"end":{"line":133,"column":74}},"44":{"start":{"line":134,"column":4},"end":{"line":137,"column":7}},"45":{"start":{"line":139,"column":4},"end":{"line":139,"column":23}},"46":{"start":{"line":140,"column":4},"end":{"line":144,"column":7}},"47":{"start":{"line":149,"column":39},"end":{"line":195,"column":1}},"48":{"start":{"line":150,"column":2},"end":{"line":194,"column":3}},"49":{"start":{"line":152,"column":6},"end":{"line":152,"column":16}},"50":{"start":{"line":153,"column":22},"end":{"line":153,"column":31}},"51":{"start":{"line":155,"column":4},"end":{"line":170,"column":5}},"52":{"start":{"line":157,"column":8},"end":{"line":157,"column":67}},"53":{"start":{"line":159,"column":8},"end":{"line":159,"column":74}},"54":{"start":{"line":161,"column":8},"end":{"line":161,"column":68}},"55":{"start":{"line":163,"column":8},"end":{"line":163,"column":71}},"56":{"start":{"line":165,"column":8},"end":{"line":165,"column":71}},"57":{"start":{"line":167,"column":8},"end":{"line":169,"column":76}},"58":{"start":{"line":172,"column":21},"end":{"line":176,"column":5}},"59":{"start":{"line":177,"column":4},"end":{"line":180,"column":5}},"60":{"start":{"line":178,"column":6},"end":{"line":178,"column":56}},"61":{"start":{"line":179,"column":6},"end":{"line":179,"column":46}},"62":{"start":{"line":181,"column":4},"end":{"line":181,"column":26}},"63":{"start":{"line":182,"column":4},"end":{"line":186,"column":7}},"64":{"start":{"line":188,"column":4},"end":{"line":188,"column":23}},"65":{"start":{"line":189,"column":4},"end":{"line":193,"column":7}},"66":{"start":{"line":198,"column":40},"end":{"line":217,"column":1}},"67":{"start":{"line":199,"column":2},"end":{"line":216,"column":3}},"68":{"start":{"line":200,"column":31},"end":{"line":200,"column":39}},"69":{"start":{"line":201,"column":15},"end":{"line":201,"column":17}},"70":{"start":{"line":202,"column":4},"end":{"line":202,"column":52}},"71":{"start":{"line":202,"column":28},"end":{"line":202,"column":52}},"72":{"start":{"line":203,"column":4},"end":{"line":203,"column":70}},"73":{"start":{"line":203,"column":22},"end":{"line":203,"column":70}},"74":{"start":{"line":204,"column":21},"end":{"line":204,"column":50}},"75":{"start":{"line":205,"column":4},"end":{"line":208,"column":7}},"76":{"start":{"line":210,"column":4},"end":{"line":210,"column":23}},"77":{"start":{"line":211,"column":4},"end":{"line":215,"column":7}},"78":{"start":{"line":220,"column":38},"end":{"line":235,"column":1}},"79":{"start":{"line":221,"column":2},"end":{"line":234,"column":3}},"80":{"start":{"line":222,"column":18},"end":{"line":222,"column":70}},"81":{"start":{"line":223,"column":4},"end":{"line":226,"column":7}},"82":{"start":{"line":228,"column":4},"end":{"line":228,"column":23}},"83":{"start":{"line":229,"column":4},"end":{"line":233,"column":7}},"84":{"start":{"line":238,"column":37},"end":{"line":260,"column":1}},"85":{"start":{"line":239,"column":2},"end":{"line":259,"column":3}},"86":{"start":{"line":240,"column":20},"end":{"line":240,"column":21}},"87":{"start":{"line":241,"column":17},"end":{"line":241,"column":54}},"88":{"start":{"line":242,"column":21},"end":{"line":247,"column":30}},"89":{"start":{"line":248,"column":4},"end":{"line":251,"column":7}},"90":{"start":{"line":253,"column":4},"end":{"line":253,"column":23}},"91":{"start":{"line":254,"column":4},"end":{"line":258,"column":7}},"92":{"start":{"line":263,"column":39},"end":{"line":283,"column":1}},"93":{"start":{"line":264,"column":2},"end":{"line":282,"column":3}},"94":{"start":{"line":265,"column":24},"end":{"line":265,"column":34}},"95":{"start":{"line":266,"column":20},"end":{"line":273,"column":23}},"96":{"start":{"line":274,"column":4},"end":{"line":274,"column":22}},"97":{"start":{"line":276,"column":4},"end":{"line":276,"column":23}},"98":{"start":{"line":277,"column":4},"end":{"line":281,"column":7}},"99":{"start":{"line":286,"column":40},"end":{"line":309,"column":1}},"100":{"start":{"line":287,"column":2},"end":{"line":308,"column":3}},"101":{"start":{"line":288,"column":25},"end":{"line":288,"column":35}},"102":{"start":{"line":289,"column":21},"end":{"line":296,"column":27}},"103":{"start":{"line":297,"column":4},"end":{"line":300,"column":7}},"104":{"start":{"line":302,"column":4},"end":{"line":302,"column":23}},"105":{"start":{"line":303,"column":4},"end":{"line":307,"column":7}},"106":{"start":{"line":312,"column":41},"end":{"line":329,"column":1}},"107":{"start":{"line":313,"column":2},"end":{"line":328,"column":3}},"108":{"start":{"line":314,"column":21},"end":{"line":314,"column":75}},"109":{"start":{"line":315,"column":21},"end":{"line":315,"column":79}},"110":{"start":{"line":316,"column":4},"end":{"line":320,"column":7}},"111":{"start":{"line":322,"column":4},"end":{"line":322,"column":23}},"112":{"start":{"line":323,"column":4},"end":{"line":327,"column":7}},"113":{"start":{"line":333,"column":40},"end":{"line":345,"column":1}},"114":{"start":{"line":334,"column":2},"end":{"line":344,"column":3}},"115":{"start":{"line":335,"column":4},"end":{"line":341,"column":7}},"116":{"start":{"line":336,"column":6},"end":{"line":340,"column":7}},"117":{"start":{"line":337,"column":8},"end":{"line":337,"column":34}},"118":{"start":{"line":339,"column":8},"end":{"line":339,"column":27}},"119":{"start":{"line":343,"column":4},"end":{"line":343,"column":23}},"120":{"start":{"line":348,"column":42},"end":{"line":379,"column":1}},"121":{"start":{"line":349,"column":2},"end":{"line":378,"column":3}},"122":{"start":{"line":350,"column":28},"end":{"line":350,"column":36}},"123":{"start":{"line":351,"column":16},"end":{"line":351,"column":17}},"124":{"start":{"line":352,"column":4},"end":{"line":354,"column":7}},"125":{"start":{"line":353,"column":6},"end":{"line":353,"column":23}},"126":{"start":{"line":355,"column":25},"end":{"line":375,"column":5}},"127":{"start":{"line":364,"column":8},"end":{"line":373,"column":9}},"128":{"start":{"line":365,"column":24},"end":{"line":369,"column":19}},"129":{"start":{"line":370,"column":10},"end":{"line":370,"column":33}},"130":{"start":{"line":372,"column":10},"end":{"line":372,"column":38}},"131":{"start":{"line":377,"column":4},"end":{"line":377,"column":23}}},"fnMap":{"0":{"name":"(anonymous_0)","decl":{"start":{"line":20,"column":39},"end":{"line":20,"column":40}},"loc":{"start":{"line":20,"column":59},"end":{"line":62,"column":1}},"line":20},"1":{"name":"(anonymous_1)","decl":{"start":{"line":65,"column":36},"end":{"line":65,"column":37}},"loc":{"start":{"line":65,"column":56},"end":{"line":87,"column":1}},"line":65},"2":{"name":"(anonymous_2)","decl":{"start":{"line":89,"column":42},"end":{"line":89,"column":43}},"loc":{"start":{"line":89,"column":62},"end":{"line":108,"column":1}},"line":89},"3":{"name":"(anonymous_3)","decl":{"start":{"line":111,"column":38},"end":{"line":111,"column":39}},"loc":{"start":{"line":111,"column":58},"end":{"line":128,"column":1}},"line":111},"4":{"name":"(anonymous_4)","decl":{"start":{"line":131,"column":39},"end":{"line":131,"column":40}},"loc":{"start":{"line":131,"column":59},"end":{"line":146,"column":1}},"line":131},"5":{"name":"(anonymous_5)","decl":{"start":{"line":149,"column":39},"end":{"line":149,"column":40}},"loc":{"start":{"line":149,"column":59},"end":{"line":195,"column":1}},"line":149},"6":{"name":"(anonymous_6)","decl":{"start":{"line":198,"column":40},"end":{"line":198,"column":41}},"loc":{"start":{"line":198,"column":60},"end":{"line":217,"column":1}},"line":198},"7":{"name":"(anonymous_7)","decl":{"start":{"line":220,"column":38},"end":{"line":220,"column":39}},"loc":{"start":{"line":220,"column":58},"end":{"line":235,"column":1}},"line":220},"8":{"name":"(anonymous_8)","decl":{"start":{"line":238,"column":37},"end":{"line":238,"column":38}},"loc":{"start":{"line":238,"column":57},"end":{"line":260,"column":1}},"line":238},"9":{"name":"(anonymous_9)","decl":{"start":{"line":263,"column":39},"end":{"line":263,"column":40}},"loc":{"start":{"line":263,"column":59},"end":{"line":283,"column":1}},"line":263},"10":{"name":"(anonymous_10)","decl":{"start":{"line":286,"column":40},"end":{"line":286,"column":41}},"loc":{"start":{"line":286,"column":60},"end":{"line":309,"column":1}},"line":286},"11":{"name":"(anonymous_11)","decl":{"start":{"line":312,"column":41},"end":{"line":312,"column":42}},"loc":{"start":{"line":312,"column":61},"end":{"line":329,"column":1}},"line":312},"12":{"name":"(anonymous_12)","decl":{"start":{"line":333,"column":40},"end":{"line":333,"column":41}},"loc":{"start":{"line":333,"column":60},"end":{"line":345,"column":1}},"line":333},"13":{"name":"(anonymous_13)","decl":{"start":{"line":335,"column":37},"end":{"line":335,"column":38}},"loc":{"start":{"line":335,"column":62},"end":{"line":341,"column":5}},"line":335},"14":{"name":"(anonymous_14)","decl":{"start":{"line":348,"column":42},"end":{"line":348,"column":43}},"loc":{"start":{"line":348,"column":62},"end":{"line":379,"column":1}},"line":348},"15":{"name":"(anonymous_15)","decl":{"start":{"line":352,"column":13},"end":{"line":352,"column":14}},"loc":{"start":{"line":352,"column":20},"end":{"line":354,"column":5}},"line":352},"16":{"name":"(anonymous_16)","decl":{"start":{"line":363,"column":6},"end":{"line":363,"column":7}},"loc":{"start":{"line":363,"column":31},"end":{"line":374,"column":7}},"line":363}},"branchMap":{"0":{"loc":{"start":{"line":26,"column":4},"end":{"line":41,"column":5}},"type":"switch","locations":[{"start":{"line":27,"column":6},"end":{"line":28,"column":67}},{"start":{"line":29,"column":6},"end":{"line":30,"column":74}},{"start":{"line":31,"column":6},"end":{"line":32,"column":68}},{"start":{"line":33,"column":6},"end":{"line":34,"column":71}},{"start":{"line":35,"column":6},"end":{"line":36,"column":71}},{"start":{"line":37,"column":6},"end":{"line":40,"column":76}}],"line":26},"1":{"loc":{"start":{"line":37,"column":11},"end":{"line":37,"column":40}},"type":"binary-expr","locations":[{"start":{"line":37,"column":11},"end":{"line":37,"column":16}},{"start":{"line":37,"column":20},"end":{"line":37,"column":40}}],"line":37},"2":{"loc":{"start":{"line":44,"column":4},"end":{"line":47,"column":5}},"type":"if","locations":[{"start":{"line":44,"column":4},"end":{"line":47,"column":5}},{"start":{},"end":{}}],"line":44},"3":{"loc":{"start":{"line":116,"column":4},"end":{"line":119,"column":5}},"type":"if","locations":[{"start":{"line":116,"column":4},"end":{"line":119,"column":5}},{"start":{},"end":{}}],"line":116},"4":{"loc":{"start":{"line":155,"column":4},"end":{"line":170,"column":5}},"type":"switch","locations":[{"start":{"line":156,"column":6},"end":{"line":157,"column":67}},{"start":{"line":158,"column":6},"end":{"line":159,"column":74}},{"start":{"line":160,"column":6},"end":{"line":161,"column":68}},{"start":{"line":162,"column":6},"end":{"line":163,"column":71}},{"start":{"line":164,"column":6},"end":{"line":165,"column":71}},{"start":{"line":166,"column":6},"end":{"line":169,"column":76}}],"line":155},"5":{"loc":{"start":{"line":166,"column":11},"end":{"line":166,"column":40}},"type":"binary-expr","locations":[{"start":{"line":166,"column":11},"end":{"line":166,"column":16}},{"start":{"line":166,"column":20},"end":{"line":166,"column":40}}],"line":166},"6":{"loc":{"start":{"line":177,"column":4},"end":{"line":180,"column":5}},"type":"if","locations":[{"start":{"line":177,"column":4},"end":{"line":180,"column":5}},{"start":{},"end":{}}],"line":177},"7":{"loc":{"start":{"line":202,"column":4},"end":{"line":202,"column":52}},"type":"if","locations":[{"start":{"line":202,"column":4},"end":{"line":202,"column":52}},{"start":{},"end":{}}],"line":202},"8":{"loc":{"start":{"line":203,"column":4},"end":{"line":203,"column":70}},"type":"if","locations":[{"start":{"line":203,"column":4},"end":{"line":203,"column":70}},{"start":{},"end":{}}],"line":203},"9":{"loc":{"start":{"line":241,"column":17},"end":{"line":241,"column":54}},"type":"cond-expr","locations":[{"start":{"line":241,"column":35},"end":{"line":241,"column":50}},{"start":{"line":241,"column":53},"end":{"line":241,"column":54}}],"line":241},"10":{"loc":{"start":{"line":336,"column":6},"end":{"line":340,"column":7}},"type":"if","locations":[{"start":{"line":336,"column":6},"end":{"line":340,"column":7}},{"start":{"line":338,"column":13},"end":{"line":340,"column":7}}],"line":336},"11":{"loc":{"start":{"line":364,"column":8},"end":{"line":373,"column":9}},"type":"if","locations":[{"start":{"line":364,"column":8},"end":{"line":373,"column":9}},{"start":{"line":371,"column":15},"end":{"line":373,"column":9}}],"line":364}},"s":{"0":1,"1":1,"2":1,"3":10,"4":10,"5":9,"6":9,"7":1,"8":1,"9":1,"10":1,"11":1,"12":1,"13":3,"14":3,"15":2,"16":2,"17":3,"18":3,"19":1,"20":1,"21":1,"22":2,"23":2,"24":1,"25":1,"26":1,"27":1,"28":2,"29":2,"30":1,"31":1,"32":1,"33":1,"34":2,"35":2,"36":0,"37":0,"38":0,"39":2,"40":2,"41":1,"42":2,"43":2,"44":0,"45":2,"46":2,"47":1,"48":10,"49":10,"50":10,"51":10,"52":1,"53":1,"54":1,"55":1,"56":1,"57":1,"58":4,"59":3,"60":3,"61":3,"62":3,"63":3,"64":1,"65":1,"66":1,"67":0,"68":0,"69":0,"70":0,"71":0,"72":0,"73":0,"74":0,"75":0,"76":0,"77":0,"78":1,"79":0,"80":0,"81":0,"82":0,"83":0,"84":1,"85":0,"86":0,"87":0,"88":0,"89":0,"90":0,"91":0,"92":1,"93":0,"94":0,"95":0,"96":0,"97":0,"98":0,"99":1,"100":0,"101":0,"102":0,"103":0,"104":0,"105":0,"106":1,"107":0,"108":0,"109":0,"110":0,"111":0,"112":0,"113":1,"114":0,"115":0,"116":0,"117":0,"118":0,"119":0,"120":1,"121":0,"122":0,"123":0,"124":0,"125":0,"126":0,"127":0,"128":0,"129":0,"130":0,"131":0},"f":{"0":10,"1":2,"2":2,"3":2,"4":2,"5":10,"6":0,"7":0,"8":0,"9":0,"10":0,"11":0,"12":0,"13":0,"14":0,"15":0,"16":0},"b":{"0":[1,1,1,1,1,1],"1":[4,3],"2":[2,1],"3":[0,0],"4":[1,1,1,1,1,1],"5":[5,5],"6":[3,0],"7":[0,0],"8":[0,0],"9":[0,0],"10":[0,0],"11":[0,0]},"inputSourceMap":null,"_coverageSchema":"1a1c01bbd47fc00a2c39e90264f33305004495a9","hash":"49edc33ea4a0051cdb1f875848fe138c98ab783d"}
,"/Users/samuelcheongweishan/Desktop/projects/cs4218-project-2024-team07/models/categoryModel.js": {"path":"/Users/samuelcheongweishan/Desktop/projects/cs4218-project-2024-team07/models/categoryModel.js","statementMap":{"0":{"start":{"line":3,"column":23},"end":{"line":13,"column":2}}},"fnMap":{},"branchMap":{},"s":{"0":1},"f":{},"b":{},"inputSourceMap":null,"_coverageSchema":"1a1c01bbd47fc00a2c39e90264f33305004495a9","hash":"cb2eb1a419668c6707b13512221f4dc6ea98085c"}
,"/Users/samuelcheongweishan/Desktop/projects/cs4218-project-2024-team07/models/orderModel.js": {"path":"/Users/samuelcheongweishan/Desktop/projects/cs4218-project-2024-team07/models/orderModel.js","statementMap":{"0":{"start":{"line":3,"column":20},"end":{"line":23,"column":1}}},"fnMap":{},"branchMap":{},"s":{"0":1},"f":{},"b":{},"inputSourceMap":null,"_coverageSchema":"1a1c01bbd47fc00a2c39e90264f33305004495a9","hash":"c67ebfe4dcc157b4eacdab72af15dcfae8e094d5"}
,"/Users/samuelcheongweishan/Desktop/projects/cs4218-project-2024-team07/models/productModel.js": {"path":"/Users/samuelcheongweishan/Desktop/projects/cs4218-project-2024-team07/models/productModel.js","statementMap":{"0":{"start":{"line":3,"column":22},"end":{"line":39,"column":1}}},"fnMap":{},"branchMap":{},"s":{"0":1},"f":{},"b":{},"inputSourceMap":null,"_coverageSchema":"1a1c01bbd47fc00a2c39e90264f33305004495a9","hash":"d0132f57103d09e23d3ea0d8fa9f0598646cd0b0"}
}
