TN:
SF:server.js
FN:31,(anonymous_0)
FN:38,(anonymous_1)
FNF:2
FNH:0
FNDA:0,(anonymous_0)
FNDA:0,(anonymous_1)
DA:12,3
DA:15,3
DA:17,3
DA:20,3
DA:21,3
DA:22,3
DA:25,3
DA:26,3
DA:27,3
DA:31,3
DA:32,0
DA:35,3
DA:37,3
DA:38,0
LF:14
LH:12
BRDA:35,0,0,3
BRDA:35,0,1,0
BRDA:37,1,0,0
BRDA:37,1,1,3
BRF:4
BRH:2
end_of_record
TN:
SF:config/db.js
FN:3,(anonymous_0)
FNF:1
FNH:1
FNDA:5,(anonymous_0)
DA:3,4
DA:4,5
DA:5,5
DA:6,4
DA:8,1
LF:5
LH:5
BRF:0
BRH:0
end_of_record
TN:
SF:controllers/authController.js
FN:7,(anonymous_0)
FN:66,(anonymous_1)
FN:120,(anonymous_2)
FN:158,(anonymous_3)
FN:168,(anonymous_4)
FN:203,(anonymous_5)
FN:220,(anonymous_6)
FN:239,(anonymous_7)
FNF:8
FNH:6
FNDA:12,(anonymous_0)
FNDA:5,(anonymous_1)
FNDA:0,(anonymous_2)
FNDA:0,(anonymous_3)
FNDA:3,(anonymous_4)
FNDA:2,(anonymous_5)
FNDA:2,(anonymous_6)
FNDA:2,(anonymous_7)
DA:7,3
DA:8,12
DA:9,12
DA:11,12
DA:12,1
DA:14,11
DA:15,1
DA:17,10
DA:18,1
DA:20,9
DA:21,1
DA:23,8
DA:24,1
DA:26,7
DA:27,1
DA:30,6
DA:32,6
DA:33,1
DA:39,5
DA:41,5
DA:50,5
DA:56,0
DA:57,0
DA:66,3
DA:67,5
DA:68,5
DA:70,5
DA:71,1
DA:77,4
DA:78,4
DA:79,1
DA:84,3
DA:85,3
DA:86,1
DA:92,2
DA:95,2
DA:109,0
DA:110,0
DA:120,3
DA:121,0
DA:122,0
DA:123,0
DA:124,0
DA:126,0
DA:127,0
DA:129,0
DA:130,0
DA:133,0
DA:135,0
DA:136,0
DA:141,0
DA:142,0
DA:143,0
DA:148,0
DA:149,0
DA:158,3
DA:159,0
DA:160,0
DA:162,0
DA:163,0
DA:168,3
DA:169,3
DA:170,3
DA:171,3
DA:173,3
DA:174,1
DA:176,2
DA:177,2
DA:187,1
DA:193,1
DA:194,1
DA:203,3
DA:204,2
DA:205,2
DA:209,1
DA:211,1
DA:212,1
DA:220,3
DA:221,2
DA:222,2
DA:227,1
DA:229,1
DA:230,1
DA:239,3
DA:240,2
DA:241,2
DA:242,2
DA:243,2
DA:248,1
DA:250,1
DA:251,1
LF:91
LH:67
BRDA:11,0,0,1
BRDA:11,0,1,11
BRDA:14,1,0,1
BRDA:14,1,1,10
BRDA:17,2,0,1
BRDA:17,2,1,9
BRDA:20,3,0,1
BRDA:20,3,1,8
BRDA:23,4,0,1
BRDA:23,4,1,7
BRDA:26,5,0,1
BRDA:26,5,1,6
BRDA:32,6,0,1
BRDA:32,6,1,5
BRDA:70,7,0,1
BRDA:70,7,1,4
BRDA:70,8,0,5
BRDA:70,8,1,5
BRDA:78,9,0,1
BRDA:78,9,1,3
BRDA:85,10,0,1
BRDA:85,10,1,2
BRDA:123,11,0,0
BRDA:123,11,1,0
BRDA:126,12,0,0
BRDA:126,12,1,0
BRDA:129,13,0,0
BRDA:129,13,1,0
BRDA:135,14,0,0
BRDA:135,14,1,0
BRDA:173,15,0,1
BRDA:173,15,1,2
BRDA:173,16,0,3
BRDA:173,16,1,3
BRDA:176,17,0,2
BRDA:176,17,1,0
BRDA:180,18,0,2
BRDA:180,18,1,0
BRDA:181,19,0,2
BRDA:181,19,1,0
BRDA:182,20,0,2
BRDA:182,20,1,0
BRDA:183,21,0,2
BRDA:183,21,1,0
BRF:44
BRH:31
end_of_record
TN:
SF:controllers/categoryController.js
FN:3,(anonymous_0)
FN:36,(anonymous_1)
FN:61,(anonymous_2)
FN:80,(anonymous_3)
FN:99,(anonymous_4)
FNF:5
FNH:5
FNDA:4,(anonymous_0)
FNDA:2,(anonymous_1)
FNDA:2,(anonymous_2)
FNDA:2,(anonymous_3)
FNDA:2,(anonymous_4)
DA:3,4
DA:4,4
DA:5,4
DA:6,4
DA:7,1
DA:9,3
DA:10,3
DA:11,1
DA:16,2
DA:20,1
DA:26,1
DA:27,1
DA:36,4
DA:37,2
DA:38,2
DA:39,2
DA:40,2
DA:45,1
DA:51,1
DA:52,1
DA:61,4
DA:62,2
DA:63,2
DA:64,1
DA:70,1
DA:71,1
DA:80,4
DA:81,2
DA:82,2
DA:83,1
DA:89,1
DA:90,1
DA:99,4
DA:100,2
DA:101,2
DA:102,2
DA:103,1
DA:108,1
DA:109,1
LF:39
LH:39
BRDA:6,0,0,1
BRDA:6,0,1,3
BRDA:10,1,0,1
BRDA:10,1,1,2
BRF:4
BRH:4
end_of_record
TN:
SF:controllers/productController.js
FN:20,(anonymous_0)
FN:65,(anonymous_1)
FN:89,(anonymous_2)
FN:111,(anonymous_3)
FN:129,(anonymous_4)
FN:147,(anonymous_5)
FN:196,(anonymous_6)
FN:218,(anonymous_7)
FN:236,(anonymous_8)
FN:261,(anonymous_9)
FN:284,(anonymous_10)
FN:310,(anonymous_11)
FN:331,(anonymous_12)
FN:333,(anonymous_13)
FN:346,(anonymous_14)
FN:350,(anonymous_15)
FN:361,(anonymous_16)
FNF:17
FNH:1
FNDA:1,(anonymous_0)
FNDA:0,(anonymous_1)
FNDA:0,(anonymous_2)
FNDA:0,(anonymous_3)
FNDA:0,(anonymous_4)
FNDA:0,(anonymous_5)
FNDA:0,(anonymous_6)
FNDA:0,(anonymous_7)
FNDA:0,(anonymous_8)
FNDA:0,(anonymous_9)
FNDA:0,(anonymous_10)
FNDA:0,(anonymous_11)
FNDA:0,(anonymous_12)
FNDA:0,(anonymous_13)
FNDA:0,(anonymous_14)
FNDA:0,(anonymous_15)
FNDA:0,(anonymous_16)
DA:10,3
DA:13,3
DA:20,3
DA:21,1
DA:23,1
DA:24,1
DA:26,1
DA:28,1
DA:30,0
DA:32,0
DA:34,0
DA:36,0
DA:38,0
DA:43,0
DA:44,0
DA:45,0
DA:46,0
DA:48,0
DA:49,0
DA:55,0
DA:56,0
DA:65,3
DA:66,0
DA:67,0
DA:73,0
DA:80,0
DA:81,0
DA:89,3
DA:90,0
DA:91,0
DA:95,0
DA:101,0
DA:102,0
DA:111,3
DA:112,0
DA:113,0
DA:114,0
DA:115,0
DA:116,0
DA:119,0
DA:120,0
DA:129,3
DA:130,0
DA:131,0
DA:132,0
DA:137,0
DA:138,0
DA:147,3
DA:148,0
DA:150,0
DA:151,0
DA:153,0
DA:155,0
DA:157,0
DA:159,0
DA:161,0
DA:163,0
DA:165,0
DA:170,0
DA:175,0
DA:176,0
DA:177,0
DA:179,0
DA:180,0
DA:186,0
DA:187,0
DA:196,3
DA:197,0
DA:198,0
DA:199,0
DA:200,0
DA:201,0
DA:202,0
DA:203,0
DA:208,0
DA:209,0
DA:218,3
DA:219,0
DA:220,0
DA:221,0
DA:226,0
DA:227,0
DA:236,3
DA:237,0
DA:238,0
DA:239,0
DA:240,0
DA:246,0
DA:251,0
DA:252,0
DA:261,3
DA:262,0
DA:263,0
DA:264,0
DA:272,0
DA:274,0
DA:275,0
DA:284,3
DA:285,0
DA:286,0
DA:287,0
DA:295,0
DA:300,0
DA:301,0
DA:310,3
DA:311,0
DA:312,0
DA:313,0
DA:314,0
DA:320,0
DA:321,0
DA:331,3
DA:332,0
DA:333,0
DA:334,0
DA:335,0
DA:337,0
DA:341,0
DA:346,3
DA:347,0
DA:348,0
DA:349,0
DA:350,0
DA:351,0
DA:353,0
DA:362,0
DA:363,0
DA:368,0
DA:370,0
DA:375,0
LF:130
LH:21
BRDA:26,0,0,1
BRDA:26,0,1,0
BRDA:26,0,2,0
BRDA:26,0,3,0
BRDA:26,0,4,0
BRDA:26,0,5,0
BRDA:37,1,0,0
BRDA:37,1,1,0
BRDA:44,2,0,0
BRDA:44,2,1,0
BRDA:114,3,0,0
BRDA:114,3,1,0
BRDA:153,4,0,0
BRDA:153,4,1,0
BRDA:153,4,2,0
BRDA:153,4,3,0
BRDA:153,4,4,0
BRDA:153,4,5,0
BRDA:164,5,0,0
BRDA:164,5,1,0
BRDA:175,6,0,0
BRDA:175,6,1,0
BRDA:200,7,0,0
BRDA:200,7,1,0
BRDA:201,8,0,0
BRDA:201,8,1,0
BRDA:239,9,0,0
BRDA:239,9,1,0
BRDA:334,10,0,0
BRDA:334,10,1,0
BRDA:362,11,0,0
BRDA:362,11,1,0
BRF:32
BRH:1
end_of_record
TN:
SF:helpers/authHelper.js
FN:3,(anonymous_0)
FN:14,(anonymous_1)
FNF:2
FNH:2
FNDA:7,(anonymous_0)
FNDA:3,(anonymous_1)
DA:3,3
DA:4,7
DA:5,7
DA:6,7
DA:7,7
DA:10,0
DA:14,3
DA:15,3
LF:8
LH:7
BRF:0
BRH:0
end_of_record
TN:
SF:middlewares/authMiddleware.js
FN:5,(anonymous_0)
FN:19,(anonymous_1)
FNF:2
FNH:2
FNDA:2,(anonymous_0)
FNDA:2,(anonymous_1)
DA:5,3
DA:6,2
DA:7,2
DA:11,2
DA:12,2
DA:14,0
DA:19,3
DA:20,2
DA:21,2
DA:22,2
DA:23,0
DA:28,2
DA:31,0
DA:32,0
LF:14
LH:10
BRDA:22,0,0,0
BRDA:22,0,1,2
BRF:2
BRH:1
end_of_record
TN:
SF:models/categoryModel.js
FNF:0
FNH:0
DA:3,4
LF:1
LH:1
BRF:0
BRH:0
end_of_record
TN:
SF:models/orderModel.js
FNF:0
FNH:0
DA:3,3
LF:1
LH:1
BRF:0
BRH:0
end_of_record
TN:
SF:models/productModel.js
FNF:0
FNH:0
DA:3,3
LF:1
LH:1
BRF:0
BRH:0
end_of_record
TN:
SF:models/userModel.js
FNF:0
FNH:0
DA:3,3
LF:1
LH:1
BRF:0
BRH:0
end_of_record
TN:
SF:routes/authRoute.js
FN:31,(anonymous_0)
FN:35,(anonymous_1)
FNF:2
FNH:0
FNDA:0,(anonymous_0)
FNDA:0,(anonymous_1)
DA:15,3
DA:19,3
DA:22,3
DA:25,3
DA:28,3
DA:31,3
DA:32,0
DA:35,3
DA:36,0
DA:40,3
DA:43,3
DA:46,3
DA:49,3
LF:13
LH:11
BRF:0
BRH:0
end_of_record
TN:
SF:routes/categoryRoutes.js
FNF:0
FNH:0
DA:11,3
DA:15,3
DA:23,3
DA:31,3
DA:34,3
DA:37,3
LF:6
LH:6
BRF:0
BRH:0
end_of_record
TN:
SF:routes/productRoutes.js
FNF:0
FNH:0
DA:21,3
DA:24,3
DA:32,3
DA:41,3
DA:44,3
DA:47,3
DA:50,3
DA:53,3
DA:56,3
DA:59,3
DA:62,3
DA:65,3
DA:68,3
DA:72,3
DA:75,3
LF:15
LH:15
BRF:0
BRH:0
end_of_record
