TN:
SF:controllers/productController.js
FN:20,(anonymous_0)
FN:65,(anonymous_1)
FN:89,(anonymous_2)
FN:111,(anonymous_3)
FN:131,(anonymous_4)
FN:149,(anonymous_5)
FN:198,(anonymous_6)
FN:220,(anonymous_7)
FN:238,(anonymous_8)
FN:263,(anonymous_9)
FN:286,(anonymous_10)
FN:312,(anonymous_11)
FN:333,(anonymous_12)
FN:335,(anonymous_13)
FN:348,(anonymous_14)
FN:352,(anonymous_15)
FN:363,(anonymous_16)
FNF:17
FNH:6
FNDA:10,(anonymous_0)
FNDA:2,(anonymous_1)
FNDA:2,(anonymous_2)
FNDA:2,(anonymous_3)
FNDA:2,(anonymous_4)
FNDA:10,(anonymous_5)
FNDA:0,(anonymous_6)
FNDA:0,(anonymous_7)
FNDA:0,(anonymous_8)
FNDA:0,(anonymous_9)
FNDA:0,(anonymous_10)
FNDA:0,(anonymous_11)
FNDA:0,(anonymous_12)
FNDA:0,(anonymous_13)
FNDA:0,(anonymous_14)
FNDA:0,(anonymous_15)
FNDA:0,(anonymous_16)
DA:10,1
DA:13,1
DA:20,1
DA:21,10
DA:23,10
DA:24,9
DA:26,9
DA:28,1
DA:30,1
DA:32,1
DA:34,1
DA:36,1
DA:38,1
DA:43,3
DA:44,3
DA:45,2
DA:46,2
DA:48,3
DA:49,3
DA:55,1
DA:56,1
DA:65,1
DA:66,2
DA:67,2
DA:73,1
DA:80,1
DA:81,1
DA:89,1
DA:90,2
DA:91,2
DA:95,1
DA:101,1
DA:102,1
DA:111,1
DA:112,2
DA:115,2
DA:116,0
DA:117,0
DA:118,0
DA:121,2
DA:122,2
DA:131,1
DA:132,2
DA:133,2
DA:134,0
DA:139,2
DA:140,2
DA:149,1
DA:150,10
DA:152,10
DA:153,10
DA:155,10
DA:157,1
DA:159,1
DA:161,1
DA:163,1
DA:165,1
DA:167,1
DA:172,4
DA:177,3
DA:178,3
DA:179,3
DA:181,3
DA:182,3
DA:188,1
DA:189,1
DA:198,1
DA:199,0
DA:200,0
DA:201,0
DA:202,0
DA:203,0
DA:204,0
DA:205,0
DA:210,0
DA:211,0
DA:220,1
DA:221,0
DA:222,0
DA:223,0
DA:228,0
DA:229,0
DA:238,1
DA:239,0
DA:240,0
DA:241,0
DA:242,0
DA:248,0
DA:253,0
DA:254,0
DA:263,1
DA:264,0
DA:265,0
DA:266,0
DA:274,0
DA:276,0
DA:277,0
DA:286,1
DA:287,0
DA:288,0
DA:289,0
DA:297,0
DA:302,0
DA:303,0
DA:312,1
DA:313,0
DA:314,0
DA:315,0
DA:316,0
DA:322,0
DA:323,0
DA:333,1
DA:334,0
DA:335,0
DA:336,0
DA:337,0
DA:339,0
DA:343,0
DA:348,1
DA:349,0
DA:350,0
DA:351,0
DA:352,0
DA:353,0
DA:355,0
DA:364,0
DA:365,0
DA:370,0
DA:372,0
DA:377,0
LF:130
LH:70
BRDA:26,0,0,1
BRDA:26,0,1,1
BRDA:26,0,2,1
BRDA:26,0,3,1
BRDA:26,0,4,1
BRDA:26,0,5,1
BRDA:37,1,0,4
BRDA:37,1,1,3
BRDA:44,2,0,2
BRDA:44,2,1,1
BRDA:116,3,0,0
BRDA:116,3,1,0
BRDA:155,4,0,1
BRDA:155,4,1,1
BRDA:155,4,2,1
BRDA:155,4,3,1
BRDA:155,4,4,1
BRDA:155,4,5,1
BRDA:166,5,0,5
BRDA:166,5,1,5
BRDA:177,6,0,3
BRDA:177,6,1,0
BRDA:202,7,0,0
BRDA:202,7,1,0
BRDA:203,8,0,0
BRDA:203,8,1,0
BRDA:241,9,0,0
BRDA:241,9,1,0
BRDA:336,10,0,0
BRDA:336,10,1,0
BRDA:364,11,0,0
BRDA:364,11,1,0
BRF:32
BRH:19
end_of_record
TN:
SF:models/categoryModel.js
FNF:0
FNH:0
DA:3,1
LF:1
LH:1
BRF:0
BRH:0
end_of_record
TN:
SF:models/orderModel.js
FNF:0
FNH:0
DA:3,1
LF:1
LH:1
BRF:0
BRH:0
end_of_record
TN:
SF:models/productModel.js
FNF:0
FNH:0
DA:3,1
LF:1
LH:1
BRF:0
BRH:0
end_of_record
